0 verbose cli C:\Program Files\nodejs\node.exe C:\Program Files\nodejs\node_modules\npm\bin\npm-cli.js
1 info using npm@11.11.0
2 info using node@v24.14.1
3 silly config load:file:C:\Program Files\nodejs\node_modules\npm\npmrc
4 silly config load:file:C:\Users\Caleb\OneDrive\Desktop\CODEQUEST\Vydora\.npmrc
5 silly config load:file:C:\Users\Caleb\.npmrc
6 silly config load:file:C:\Users\Caleb\AppData\Roaming\npm\etc\npmrc
7 verbose title npm install
8 verbose argv "install"
9 verbose logfile logs-max:10 dir:C:\Users\Caleb\OneDrive\Desktop\CODEQUEST\Vydora\clean\_logs\2026-06-10T16_04_19_554Z-
10 verbose logfile C:\Users\Caleb\OneDrive\Desktop\CODEQUEST\Vydora\clean\_logs\2026-06-10T16_04_19_554Z-debug-0.log
11 silly logfile done cleaning log files
12 silly packumentCache heap:2348810240 maxSize:587202560 maxEntrySize:293601280
13 silly idealTree buildDeps
14 silly fetch manifest @expo/vector-icons@^15.0.3
15 silly packumentCache full:https://registry.npmjs.org/@expo%2fvector-icons cache-miss
16 http fetch GET 200 https://registry.npmjs.org/@expo%2fvector-icons 1141ms (cache miss)
17 silly packumentCache full:https://registry.npmjs.org/@expo%2fvector-icons set size:undefined disposed:false
18 silly fetch manifest expo-font@>=14.0.4
19 silly packumentCache full:https://registry.npmjs.org/expo-font cache-miss
20 http fetch GET 200 https://registry.npmjs.org/expo-font 215ms (cache miss)
21 silly packumentCache full:https://registry.npmjs.org/expo-font set size:undefined disposed:false
22 silly fetch manifest expo@~54.0.34
23 silly packumentCache full:https://registry.npmjs.org/expo cache-miss
24 http fetch GET 200 https://registry.npmjs.org/expo 362ms (cache miss)
25 silly packumentCache full:https://registry.npmjs.org/expo set size:undefined disposed:false
26 silly fetch manifest @expo/dom-webview@*
27 silly packumentCache full:https://registry.npmjs.org/@expo%2fdom-webview cache-miss
28 http fetch GET 200 https://registry.npmjs.org/@expo%2fdom-webview 879ms (cache miss)
29 silly packumentCache full:https://registry.npmjs.org/@expo%2fdom-webview set size:undefined disposed:false
30 silly fetch manifest react@19.1.0
31 silly packumentCache full:https://registry.npmjs.org/react cache-miss
32 http cache https://registry.npmjs.org/react 27ms (cache hit)
33 silly packumentCache full:https://registry.npmjs.org/react set size:6693019 disposed:false
34 silly fetch manifest react-native@0.81.5
35 silly packumentCache full:https://registry.npmjs.org/react-native cache-miss
36 http cache https://registry.npmjs.org/react-native 60ms (cache hit)
37 silly packumentCache full:https://registry.npmjs.org/react-native set size:15353811 disposed:false
38 silly fetch manifest @types/react@~19.1.0
39 silly packumentCache full:https://registry.npmjs.org/@types%2freact cache-miss
40 http cache https://registry.npmjs.org/@types%2freact 16ms (cache hit)
41 silly packumentCache full:https://registry.npmjs.org/@types%2freact set size:2632776 disposed:false
42 silly fetch manifest @expo/metro-runtime@*
43 silly packumentCache full:https://registry.npmjs.org/@expo%2fmetro-runtime cache-miss
44 http fetch GET 200 https://registry.npmjs.org/@expo%2fmetro-runtime 927ms (cache miss)
45 silly packumentCache full:https://registry.npmjs.org/@expo%2fmetro-runtime set size:undefined disposed:false
46 silly fetch manifest react-dom@*
47 silly packumentCache full:https://registry.npmjs.org/react-dom cache-miss
48 http fetch GET 200 https://registry.npmjs.org/react-dom 519ms (cache miss)
49 silly packumentCache full:https://registry.npmjs.org/react-dom set size:undefined disposed:false
50 silly fetch manifest react@^19.2.7
51 silly packumentCache full:https://registry.npmjs.org/react cache-miss
52 http cache https://registry.npmjs.org/react 21ms (cache hit)
53 silly packumentCache full:https://registry.npmjs.org/react set size:6693019 disposed:false
54 silly fetch manifest react-native-webview@*
55 silly packumentCache full:https://registry.npmjs.org/react-native-webview cache-miss
56 http fetch GET 200 https://registry.npmjs.org/react-native-webview 586ms (cache miss)
57 silly packumentCache full:https://registry.npmjs.org/react-native-webview set size:undefined disposed:false
58 silly fetch manifest @react-native-async-storage/async-storage@2.2.0
59 silly packumentCache full:https://registry.npmjs.org/@react-native-async-storage%2fasync-storage cache-miss
60 http fetch GET 200 https://registry.npmjs.org/@react-native-async-storage%2fasync-storage 936ms (cache miss)
61 silly packumentCache full:https://registry.npmjs.org/@react-native-async-storage%2fasync-storage set size:undefined disposed:false
62 silly fetch manifest expo-av@~16.0.8
63 silly packumentCache full:https://registry.npmjs.org/expo-av cache-miss
64 http fetch GET 200 https://registry.npmjs.org/expo-av 489ms (cache miss)
65 silly packumentCache full:https://registry.npmjs.org/expo-av set size:undefined disposed:false
66 silly fetch manifest react-native-web@*
67 silly packumentCache full:https://registry.npmjs.org/react-native-web cache-miss
68 http fetch GET 200 https://registry.npmjs.org/react-native-web 426ms (cache miss)
69 silly packumentCache full:https://registry.npmjs.org/react-native-web set size:undefined disposed:false
70 silly fetch manifest expo-document-picker@~14.0.8
71 silly packumentCache full:https://registry.npmjs.org/expo-document-picker cache-miss
72 http fetch GET 200 https://registry.npmjs.org/expo-document-picker 113ms (cache miss)
73 silly packumentCache full:https://registry.npmjs.org/expo-document-picker set size:undefined disposed:false
74 silly fetch manifest expo-image-picker@~17.0.11
75 silly packumentCache full:https://registry.npmjs.org/expo-image-picker cache-miss
76 http fetch GET 200 https://registry.npmjs.org/expo-image-picker 99ms (cache miss)
77 silly packumentCache full:https://registry.npmjs.org/expo-image-picker set size:undefined disposed:false
78 silly placeDep ROOT @expo/vector-icons@15.1.1 OK for: vydora@1.0.0 want: ^15.0.3
79 silly placeDep ROOT expo-font@56.0.5 OK for: @expo/vector-icons@15.1.1 want: >=14.0.4
80 silly placeDep ROOT @react-native-async-storage/async-storage@2.2.0 OK for: vydora@1.0.0 want: 2.2.0
81 silly placeDep ROOT expo-av@16.0.8 OK for: vydora@1.0.0 want: ~16.0.8
82 silly placeDep ROOT expo-document-picker@14.0.8 OK for: vydora@1.0.0 want: ~14.0.8
83 silly placeDep ROOT expo-image-picker@17.0.11 OK for: vydora@1.0.0 want: ~17.0.11
84 silly fetch manifest merge-options@^3.0.4
85 silly packumentCache full:https://registry.npmjs.org/merge-options cache-miss
86 silly fetch manifest expo-image-loader@~6.0.0
87 silly packumentCache full:https://registry.npmjs.org/expo-image-loader cache-miss
88 http fetch GET 200 https://registry.npmjs.org/merge-options 387ms (cache miss)
89 silly packumentCache full:https://registry.npmjs.org/merge-options set size:undefined disposed:false
90 http fetch GET 200 https://registry.npmjs.org/expo-image-loader 482ms (cache miss)
91 silly packumentCache full:https://registry.npmjs.org/expo-image-loader set size:undefined disposed:false
92 silly placeDep ROOT merge-options@3.0.4 OK for: @react-native-async-storage/async-storage@2.2.0 want: ^3.0.4
93 silly fetch manifest is-plain-obj@^2.1.0
94 silly packumentCache full:https://registry.npmjs.org/is-plain-obj cache-miss
95 http fetch GET 200 https://registry.npmjs.org/is-plain-obj 360ms (cache miss)
96 silly packumentCache full:https://registry.npmjs.org/is-plain-obj set size:undefined disposed:false
97 silly fetch manifest expo@*
98 silly packumentCache full:https://registry.npmjs.org/expo cache-miss
99 http cache https://registry.npmjs.org/expo 15ms (cache hit)
100 silly packumentCache full:https://registry.npmjs.org/expo set size:3830052 disposed:false
101 silly fetch manifest react@*
102 silly packumentCache full:https://registry.npmjs.org/react cache-miss
103 http cache https://registry.npmjs.org/react 36ms (cache hit)
104 silly packumentCache full:https://registry.npmjs.org/react set size:6693019 disposed:false
105 silly fetch manifest react-native@*
106 silly packumentCache full:https://registry.npmjs.org/react-native cache-miss
107 http cache https://registry.npmjs.org/react-native 41ms (cache hit)
108 silly packumentCache full:https://registry.npmjs.org/react-native set size:15353811 disposed:false
109 silly fetch manifest @react-native/jest-preset@0.86.0
110 silly packumentCache full:https://registry.npmjs.org/@react-native%2fjest-preset cache-miss
111 http cache https://registry.npmjs.org/@react-native%2fjest-preset 8ms (cache hit)
112 silly packumentCache full:https://registry.npmjs.org/@react-native%2fjest-preset set size:197947 disposed:false
113 silly fetch manifest @types/react@^19.1.1
114 silly packumentCache full:https://registry.npmjs.org/@types%2freact cache-miss
115 http cache https://registry.npmjs.org/@types%2freact 10ms (cache hit)
116 silly packumentCache full:https://registry.npmjs.org/@types%2freact set size:2632776 disposed:false
117 silly placeDep ROOT expo-image-loader@6.0.0 OK for: expo-image-picker@17.0.11 want: ~6.0.0
118 silly placeDep ROOT is-plain-obj@2.1.0 OK for: merge-options@3.0.4 want: ^2.1.0
119 silly reify mark retired [
119 silly reify   'C:\\Users\\Caleb\\OneDrive\\Desktop\\CODEQUEST\\Vydora\\node_modules\\expo\\node_modules\\@expo\\vector-icons'
119 silly reify ]
120 silly reify moves {
120 silly reify   'C:\\Users\\Caleb\\OneDrive\\Desktop\\CODEQUEST\\Vydora\\node_modules\\expo\\node_modules\\@expo\\vector-icons': 'C:\\Users\\Caleb\\OneDrive\\Desktop\\CODEQUEST\\Vydora\\node_modules\\expo\\node_modules\\@expo\\.vector-icons-AOF9L2mF'
120 silly reify }
121 silly audit bulk request {
121 silly audit   '@0no-co/graphql.web': [ '1.2.0' ],
121 silly audit   '@babel/code-frame': [ '7.10.4', '7.29.7' ],
121 silly audit   '@babel/compat-data': [ '7.29.7' ],
121 silly audit   '@babel/core': [ '7.29.7' ],
121 silly audit   semver: [ '6.3.1', '7.8.4' ],
121 silly audit   '@babel/generator': [ '7.29.7' ],
121 silly audit   '@babel/helper-annotate-as-pure': [ '7.29.7' ],
121 silly audit   '@babel/helper-compilation-targets': [ '7.29.7' ],
121 silly audit   '@babel/helper-create-class-features-plugin': [ '7.29.7' ],
121 silly audit   '@babel/helper-create-regexp-features-plugin': [ '7.29.7' ],
121 silly audit   '@babel/helper-define-polyfill-provider': [ '0.6.8' ],
121 silly audit   '@babel/helper-globals': [ '7.29.7' ],
121 silly audit   '@babel/helper-member-expression-to-functions': [ '7.29.7' ],
121 silly audit   '@babel/helper-module-imports': [ '7.29.7' ],
121 silly audit   '@babel/helper-module-transforms': [ '7.29.7' ],
121 silly audit   '@babel/helper-optimise-call-expression': [ '7.29.7' ],
121 silly audit   '@babel/helper-plugin-utils': [ '7.29.7' ],
121 silly audit   '@babel/helper-remap-async-to-generator': [ '7.29.7' ],
121 silly audit   '@babel/helper-replace-supers': [ '7.29.7' ],
121 silly audit   '@babel/helper-skip-transparent-expression-wrappers': [ '7.29.7' ],
121 silly audit   '@babel/helper-string-parser': [ '7.29.7' ],
121 silly audit   '@babel/helper-validator-identifier': [ '7.29.7' ],
121 silly audit   '@babel/helper-validator-option': [ '7.29.7' ],
121 silly audit   '@babel/helper-wrap-function': [ '7.29.7' ],
121 silly audit   '@babel/helpers': [ '7.29.7' ],
121 silly audit   '@babel/highlight': [ '7.25.9' ],
121 silly audit   '@babel/parser': [ '7.29.7' ],
121 silly audit   '@babel/plugin-proposal-decorators': [ '7.29.7' ],
121 silly audit   '@babel/plugin-proposal-export-default-from': [ '7.29.7' ],
121 silly audit   '@babel/plugin-syntax-async-generators': [ '7.8.4' ],
121 silly audit   '@babel/plugin-syntax-bigint': [ '7.8.3' ],
121 silly audit   '@babel/plugin-syntax-class-properties': [ '7.12.13' ],
121 silly audit   '@babel/plugin-syntax-class-static-block': [ '7.14.5' ],
121 silly audit   '@babel/plugin-syntax-decorators': [ '7.29.7' ],
121 silly audit   '@babel/plugin-syntax-dynamic-import': [ '7.8.3' ],
121 silly audit   '@babel/plugin-syntax-export-default-from': [ '7.29.7' ],
121 silly audit   '@babel/plugin-syntax-flow': [ '7.29.7' ],
121 silly audit   '@babel/plugin-syntax-import-attributes': [ '7.29.7' ],
121 silly audit   '@babel/plugin-syntax-import-meta': [ '7.10.4' ],
121 silly audit   '@babel/plugin-syntax-json-strings': [ '7.8.3' ],
121 silly audit   '@babel/plugin-syntax-jsx': [ '7.29.7' ],
121 silly audit   '@babel/plugin-syntax-logical-assignment-operators': [ '7.10.4' ],
121 silly audit   '@babel/plugin-syntax-nullish-coalescing-operator': [ '7.8.3' ],
121 silly audit   '@babel/plugin-syntax-numeric-separator': [ '7.10.4' ],
121 silly audit   '@babel/plugin-syntax-object-rest-spread': [ '7.8.3' ],
121 silly audit   '@babel/plugin-syntax-optional-catch-binding': [ '7.8.3' ],
121 silly audit   '@babel/plugin-syntax-optional-chaining': [ '7.8.3' ],
121 silly audit   '@babel/plugin-syntax-private-property-in-object': [ '7.14.5' ],
121 silly audit   '@babel/plugin-syntax-top-level-await': [ '7.14.5' ],
121 silly audit   '@babel/plugin-syntax-typescript': [ '7.29.7' ],
121 silly audit   '@babel/plugin-transform-arrow-functions': [ '7.29.7' ],
121 silly audit   '@babel/plugin-transform-async-generator-functions': [ '7.29.7' ],
121 silly audit   '@babel/plugin-transform-async-to-generator': [ '7.29.7' ],
121 silly audit   '@babel/plugin-transform-block-scoping': [ '7.29.7' ],
121 silly audit   '@babel/plugin-transform-class-properties': [ '7.29.7' ],
121 silly audit   '@babel/plugin-transform-class-static-block': [ '7.29.7' ],
121 silly audit   '@babel/plugin-transform-classes': [ '7.29.7' ],
121 silly audit   '@babel/plugin-transform-computed-properties': [ '7.29.7' ],
121 silly audit   '@babel/plugin-transform-destructuring': [ '7.29.7' ],
121 silly audit   '@babel/plugin-transform-export-namespace-from': [ '7.29.7' ],
121 silly audit   '@babel/plugin-transform-flow-strip-types': [ '7.29.7' ],
121 silly audit   '@babel/plugin-transform-for-of': [ '7.29.7' ],
121 silly audit   '@babel/plugin-transform-function-name': [ '7.29.7' ],
121 silly audit   '@babel/plugin-transform-literals': [ '7.29.7' ],
121 silly audit   '@babel/plugin-transform-logical-assignment-operators': [ '7.29.7' ],
121 silly audit   '@babel/plugin-transform-modules-commonjs': [ '7.29.7' ],
121 silly audit   '@babel/plugin-transform-named-capturing-groups-regex': [ '7.29.7' ],
121 silly audit   '@babel/plugin-transform-nullish-coalescing-operator': [ '7.29.7' ],
121 silly audit   '@babel/plugin-transform-numeric-separator': [ '7.29.7' ],
121 silly audit   '@babel/plugin-transform-object-rest-spread': [ '7.29.7' ],
121 silly audit   '@babel/plugin-transform-optional-catch-binding': [ '7.29.7' ],
121 silly audit   '@babel/plugin-transform-optional-chaining': [ '7.29.7' ],
121 silly audit   '@babel/plugin-transform-parameters': [ '7.29.7' ],
121 silly audit   '@babel/plugin-transform-private-methods': [ '7.29.7' ],
121 silly audit   '@babel/plugin-transform-private-property-in-object': [ '7.29.7' ],
121 silly audit   '@babel/plugin-transform-react-display-name': [ '7.29.7' ],
121 silly audit   '@babel/plugin-transform-react-jsx': [ '7.29.7' ],
121 silly audit   '@babel/plugin-transform-react-jsx-development': [ '7.29.7' ],
121 silly audit   '@babel/plugin-transform-react-jsx-self': [ '7.29.7' ],
121 silly audit   '@babel/plugin-transform-react-jsx-source': [ '7.29.7' ],
121 silly audit   '@babel/plugin-transform-react-pure-annotations': [ '7.29.7' ],
121 silly audit   '@babel/plugin-transform-regenerator': [ '7.29.7' ],
121 silly audit   '@babel/plugin-transform-runtime': [ '7.29.7' ],
121 silly audit   '@babel/plugin-transform-shorthand-properties': [ '7.29.7' ],
121 silly audit   '@babel/plugin-transform-spread': [ '7.29.7' ],
121 silly audit   '@babel/plugin-transform-sticky-regex': [ '7.29.7' ],
121 silly audit   '@babel/plugin-transform-template-literals': [ '7.29.7' ],
121 silly audit   '@babel/plugin-transform-typescript': [ '7.29.7' ],
121 silly audit   '@babel/plugin-transform-unicode-regex': [ '7.29.7' ],
121 silly audit   '@babel/preset-react': [ '7.29.7' ],
121 silly audit   '@babel/preset-typescript': [ '7.29.7' ],
121 silly audit   '@babel/runtime': [ '7.29.7' ],
121 silly audit   '@babel/template': [ '7.29.7' ],
121 silly audit   '@babel/traverse': [ '7.29.7' ],
121 silly audit   '@babel/types': [ '7.29.7' ],
121 silly audit   '@egjs/hammerjs': [ '2.0.17' ],
121 silly audit   '@expo/code-signing-certificates': [ '0.0.6' ],
121 silly audit   '@expo/config': [ '12.0.13' ],
121 silly audit   '@expo/config-plugins': [ '54.0.4' ],
121 silly audit   '@expo/json-file': [ '10.0.16', '10.2.0' ],
121 silly audit   'ansi-styles': [ '4.3.0', '3.2.1', '5.2.0' ],
121 silly audit   chalk: [ '4.1.2', '2.4.2' ],
121 silly audit   'color-convert': [ '2.0.1', '1.9.3' ],
121 silly audit   'color-name': [ '1.1.4', '1.1.3' ],
121 silly audit   'has-flag': [ '4.0.0', '3.0.0' ],
121 silly audit   'supports-color': [ '7.2.0', '8.1.1', '5.5.0' ],
121 silly audit   '@expo/config-types': [ '54.0.10' ],
121 silly audit   '@expo/devcert': [ '1.2.1' ],
121 silly audit   debug: [ '3.2.7', '2.6.9', '4.4.3' ],
121 silly audit   '@expo/devtools': [ '0.1.8' ],
121 silly audit   '@expo/env': [ '2.0.11' ],
121 silly audit   '@expo/fingerprint': [ '0.15.5' ],
121 silly audit   '@expo/image-utils': [ '0.8.14' ],
121 silly audit   '@expo/metro': [ '54.2.0' ],
121 silly audit   '@expo/osascript': [ '2.6.0' ],
121 silly audit   '@expo/package-manager': [ '1.12.1' ],
121 silly audit   '@expo/plist': [ '0.4.9' ],
121 silly audit   '@expo/require-utils': [ '55.0.5' ],
121 silly audit   '@expo/schema-utils': [ '0.1.8' ],
121 silly audit   '@expo/sdk-runtime-versions': [ '1.0.0' ],
121 silly audit   '@expo/spawn-async': [ '1.8.0' ],
121 silly audit   '@expo/sudo-prompt': [ '9.3.2' ],
121 silly audit   '@expo/ws-tunnel': [ '1.0.6' ],
121 silly audit   '@expo/xcpretty': [ '4.4.4' ],
121 silly audit   argparse: [ '2.0.1', '1.0.10' ],
121 silly audit   'js-yaml': [ '4.2.0', '3.14.2' ],
121 silly audit   '@hookform/resolvers': [ '5.4.0' ],
121 silly audit   '@isaacs/fs-minipass': [ '4.0.1' ],
121 silly audit   '@isaacs/ttlcache': [ '1.4.1' ],
121 silly audit   '@istanbuljs/load-nyc-config': [ '1.1.0' ],
121 silly audit   camelcase: [ '5.3.1', '6.3.0' ],
121 silly audit   '@istanbuljs/schema': [ '0.1.6' ],
121 silly audit   '@jest/create-cache-key-function': [ '29.7.0' ],
121 silly audit   '@jest/environment': [ '29.7.0' ],
121 silly audit   '@jest/fake-timers': [ '29.7.0' ],
121 silly audit   '@jest/schemas': [ '29.6.3' ],
121 silly audit   '@jest/transform': [ '29.7.0' ],
121 silly audit   '@jest/types': [ '29.6.3' ],
121 silly audit   '@jridgewell/gen-mapping': [ '0.3.13' ],
121 silly audit   '@jridgewell/remapping': [ '2.3.5' ],
121 silly audit   '@jridgewell/resolve-uri': [ '3.1.2' ],
121 silly audit   '@jridgewell/source-map': [ '0.3.11' ],
121 silly audit   '@jridgewell/sourcemap-codec': [ '1.5.5' ],
121 silly audit   '@jridgewell/trace-mapping': [ '0.3.31' ],
121 silly audit   '@react-native/assets-registry': [ '0.81.5' ],
121 silly audit   '@react-native/babel-plugin-codegen': [ '0.81.5', '0.86.0' ],
121 silly audit   '@react-native/babel-preset': [ '0.81.5', '0.86.0' ],
121 silly audit   '@react-native/codegen': [ '0.81.5', '0.86.0' ],
121 silly audit   'balanced-match': [ '1.0.2', '4.0.4' ],
121 silly audit   'brace-expansion': [ '1.1.15', '5.0.6', '2.1.1' ],
121 silly audit   glob: [ '7.2.3', '13.0.6' ],
121 silly audit   'hermes-estree': [ '0.29.1', '0.36.0', '0.35.0', '0.32.0' ],
121 silly audit   'hermes-parser': [ '0.29.1', '0.36.0', '0.35.0', '0.32.0' ],
121 silly audit   minimatch: [ '3.1.5', '9.0.9', '10.2.5' ],
121 silly audit   '@react-native/community-cli-plugin': [ '0.81.5' ],
121 silly audit   '@react-native/debugger-frontend': [ '0.81.5' ],
121 silly audit   '@react-native/dev-middleware': [ '0.81.5' ],
121 silly audit   ws: [ '6.2.4', '8.21.0', '7.5.11' ],
121 silly audit   '@react-native/gradle-plugin': [ '0.81.5' ],
121 silly audit   '@react-native/js-polyfills': [ '0.81.5', '0.86.0' ],
121 silly audit   '@react-native/metro-babel-transformer': [ '0.86.0' ],
121 silly audit   'babel-plugin-syntax-hermes-parser': [ '0.36.0', '0.29.1' ],
121 silly audit   '@react-native/metro-config': [ '0.86.0' ],
121 silly audit   accepts: [ '2.0.0', '1.3.8' ],
121 silly audit   metro: [ '0.84.4', '0.83.3' ],
121 silly audit   'metro-babel-transformer': [ '0.84.4', '0.83.3' ],
121 silly audit   'metro-cache': [ '0.84.4', '0.83.3' ],
121 silly audit   'metro-cache-key': [ '0.84.4', '0.83.3' ],
121 silly audit   'metro-config': [ '0.84.4', '0.83.3' ],
121 silly audit   'metro-core': [ '0.84.4', '0.83.3' ],
121 silly audit   'metro-file-map': [ '0.84.4', '0.83.3' ],
121 silly audit   'metro-minify-terser': [ '0.84.4', '0.83.3' ],
121 silly audit   'metro-resolver': [ '0.84.4', '0.83.3' ],
121 silly audit   'metro-runtime': [ '0.84.4', '0.83.3' ],
121 silly audit   'metro-source-map': [ '0.84.4', '0.83.3' ],
121 silly audit   'metro-symbolicate': [ '0.84.4', '0.83.3' ],
121 silly audit   'metro-transform-plugins': [ '0.84.4', '0.83.3' ],
121 silly audit   'metro-transform-worker': [ '0.84.4', '0.83.3' ],
121 silly audit   'mime-db': [ '1.54.0', '1.52.0' ],
121 silly audit   'mime-types': [ '3.0.2', '2.1.35' ],
121 silly audit   negotiator: [ '1.0.0', '0.6.4', '0.6.3' ],
121 silly audit   ob1: [ '0.84.4', '0.83.3' ],
121 silly audit   '@react-native/normalize-colors': [ '0.81.5' ],
121 silly audit   '@react-navigation/core': [ '7.19.0' ],
121 silly audit   'escape-string-regexp': [ '4.0.0', '1.0.5', '2.0.0' ],
121 silly audit   'react-is': [ '19.2.7', '16.13.1', '18.3.1' ],
121 silly audit   '@react-navigation/elements': [ '2.9.22' ],
121 silly audit   '@react-navigation/native': [ '7.3.0' ],
121 silly audit   '@react-navigation/native-stack': [ '7.17.2' ],
121 silly audit   '@react-navigation/routers': [ '7.5.6' ],
121 silly audit   '@sinclair/typebox': [ '0.27.10' ],
121 silly audit   '@sinonjs/commons': [ '3.0.1' ],
121 silly audit   '@sinonjs/fake-timers': [ '10.3.0' ],
121 silly audit   '@standard-schema/utils': [ '0.3.0' ],
121 silly audit   '@types/babel__core': [ '7.20.5' ],
121 silly audit   '@types/babel__generator': [ '7.27.0' ],
121 silly audit   '@types/babel__template': [ '7.4.4' ],
121 silly audit   '@types/babel__traverse': [ '7.28.0' ],
121 silly audit   '@types/graceful-fs': [ '4.1.9' ],
121 silly audit   '@types/hammerjs': [ '2.0.46' ],
121 silly audit   '@types/istanbul-lib-coverage': [ '2.0.6' ],
121 silly audit   '@types/istanbul-lib-report': [ '3.0.3' ],
121 silly audit   '@types/istanbul-reports': [ '3.0.4' ],
121 silly audit   '@types/node': [ '25.9.2' ],
121 silly audit   '@types/react': [ '19.1.17' ],
121 silly audit   '@types/stack-utils': [ '2.0.3' ],
121 silly audit   '@types/yargs': [ '17.0.35' ],
121 silly audit   '@types/yargs-parser': [ '21.0.3' ],
121 silly audit   '@ungap/structured-clone': [ '1.3.1' ],
121 silly audit   '@urql/core': [ '5.2.0' ],
121 silly audit   '@urql/exchange-retry': [ '1.3.2' ],
121 silly audit   '@xmldom/xmldom': [ '0.8.13', '0.9.10' ],
121 silly audit   'abort-controller': [ '3.0.0' ],
121 silly audit   acorn: [ '8.16.0' ],
121 silly audit   'agent-base': [ '7.1.4', '6.0.2' ],
121 silly audit   anser: [ '1.4.10' ],
121 silly audit   'ansi-escapes': [ '4.3.2' ],
121 silly audit   'type-fest': [ '0.21.3', '0.7.1' ],
121 silly audit   'ansi-regex': [ '5.0.1', '4.1.1' ],
121 silly audit   'any-promise': [ '1.3.0' ],
121 silly audit   anymatch: [ '3.1.3' ],
121 silly audit   arg: [ '5.0.2' ],
121 silly audit   asap: [ '2.0.6' ],
121 silly audit   'async-limiter': [ '1.0.1' ],
121 silly audit   asynckit: [ '0.4.0' ],
121 silly audit   axios: [ '1.17.0' ],
121 silly audit   'https-proxy-agent': [ '5.0.1', '7.0.6' ],
121 silly audit   'babel-jest': [ '29.7.0' ],
121 silly audit   'babel-plugin-istanbul': [ '6.1.1' ],
121 silly audit   'babel-plugin-jest-hoist': [ '29.6.3' ],
121 silly audit   'babel-plugin-polyfill-corejs2': [ '0.4.17' ],
121 silly audit   'babel-plugin-polyfill-corejs3': [ '0.13.0' ],
121 silly audit   'babel-plugin-polyfill-regenerator': [ '0.6.8' ],
121 silly audit   'babel-plugin-react-compiler': [ '1.0.0' ],
121 silly audit   'babel-plugin-react-native-web': [ '0.21.2' ],
121 silly audit   'babel-plugin-transform-flow-enums': [ '0.0.2' ],
121 silly audit   'babel-preset-current-node-syntax': [ '1.2.0' ],
121 silly audit   'babel-preset-jest': [ '29.6.3' ],
121 silly audit   'base64-js': [ '1.5.1' ],
121 silly audit   'baseline-browser-mapping': [ '2.10.35' ],
121 silly audit   'better-opn': [ '3.0.2' ],
121 silly audit   open: [ '8.4.2', '7.4.2' ],
121 silly audit   'big-integer': [ '1.6.52' ],
121 silly audit   boolbase: [ '1.0.0' ],
121 silly audit   'bplist-creator': [ '0.1.0' ],
121 silly audit   'bplist-parser': [ '0.3.1' ],
121 silly audit   braces: [ '3.0.3' ],
121 silly audit   browserslist: [ '4.28.2' ],
121 silly audit   bser: [ '2.1.1' ],
121 silly audit   buffer: [ '5.7.1' ],
121 silly audit   'buffer-from': [ '1.1.2' ],
121 silly audit   bytes: [ '3.1.2' ],
121 silly audit   'call-bind-apply-helpers': [ '1.0.2' ],
121 silly audit   'caniuse-lite': [ '1.0.30001797' ],
121 silly audit   chownr: [ '3.0.0' ],
121 silly audit   'chrome-launcher': [ '0.15.2' ],
121 silly audit   'chromium-edge-launcher': [ '0.2.0' ],
121 silly audit   'ci-info': [ '2.0.0', '3.9.0' ],
121 silly audit   'cli-cursor': [ '2.1.0' ],
121 silly audit   'cli-spinners': [ '2.9.2' ],
121 silly audit   cliui: [ '8.0.1' ],
121 silly audit   clone: [ '1.0.4' ],
121 silly audit   color: [ '4.2.3' ],
121 silly audit   'color-string': [ '1.9.1' ],
121 silly audit   'combined-stream': [ '1.0.8' ],
121 silly audit   commander: [ '7.2.0', '12.1.0', '4.1.1', '2.20.3' ],
121 silly audit   compressible: [ '2.0.18' ],
121 silly audit   compression: [ '1.8.1' ],
121 silly audit   ms: [ '2.0.0', '2.1.3' ],
121 silly audit   'concat-map': [ '0.0.1' ],
121 silly audit   connect: [ '3.7.0' ],
121 silly audit   'convert-source-map': [ '2.0.0' ],
121 silly audit   'core-js-compat': [ '3.49.0' ],
121 silly audit   'cross-spawn': [ '7.0.6' ],
121 silly audit   'css-select': [ '5.2.2' ],
121 silly audit   'css-tree': [ '1.1.3' ],
121 silly audit   'source-map': [ '0.6.1', '0.5.7' ],
121 silly audit   'css-what': [ '6.2.2' ],
121 silly audit   csstype: [ '3.2.3' ],
121 silly audit   dayjs: [ '1.11.21' ],
121 silly audit   'decode-uri-component': [ '0.2.2' ],
121 silly audit   'deep-extend': [ '0.6.0' ],
121 silly audit   deepmerge: [ '4.3.1' ],
121 silly audit   defaults: [ '1.0.4' ],
121 silly audit   'define-lazy-prop': [ '2.0.0' ],
121 silly audit   'delayed-stream': [ '1.0.0' ],
121 silly audit   depd: [ '2.0.0' ],
121 silly audit   destroy: [ '1.2.0' ],
121 silly audit   'detect-libc': [ '2.1.2' ],
121 silly audit   'dom-serializer': [ '2.0.0' ],
121 silly audit   domelementtype: [ '2.3.0' ],
121 silly audit   domhandler: [ '5.0.3' ],
121 silly audit   domutils: [ '3.2.2' ],
121 silly audit   dotenv: [ '16.4.7' ],
121 silly audit   'dotenv-expand': [ '11.0.7' ],
121 silly audit   'dunder-proto': [ '1.0.1' ],
121 silly audit   'ee-first': [ '1.1.1' ],
121 silly audit   'electron-to-chromium': [ '1.5.371' ],
121 silly audit   'emoji-regex': [ '8.0.0' ],
121 silly audit   encodeurl: [ '1.0.2', '2.0.0' ],
121 silly audit   entities: [ '4.5.0' ],
121 silly audit   'env-editor': [ '0.4.2' ],
121 silly audit   'error-stack-parser': [ '2.1.4' ],
121 silly audit   'es-define-property': [ '1.0.1' ],
121 silly audit   'es-errors': [ '1.3.0' ],
121 silly audit   'es-object-atoms': [ '1.1.2' ],
121 silly audit   'es-set-tostringtag': [ '2.1.0' ],
121 silly audit   escalade: [ '3.2.0' ],
121 silly audit   'escape-html': [ '1.0.3' ],
121 silly audit   esprima: [ '4.0.1' ],
121 silly audit   etag: [ '1.8.1' ],
121 silly audit   'event-target-shim': [ '5.0.1' ],
121 silly audit   expo: [ '54.0.35' ],
121 silly audit   'expo-modules-autolinking': [ '3.0.26' ],
121 silly audit   'expo-modules-core': [ '3.0.30' ],
121 silly audit   'expo-server': [ '1.0.7' ],
121 silly audit   'expo-status-bar': [ '3.0.9' ],
121 silly audit   '@expo/cli': [ '54.0.25' ],
121 silly audit   '@expo/prebuild-config': [ '54.0.8' ],
121 silly audit   '@expo/metro-config': [ '54.0.16' ],
121 silly audit   '@expo/vector-icons': [ '15.1.1' ],
121 silly audit   'babel-preset-expo': [ '54.0.11' ],
121 silly audit   'expo-asset': [ '12.0.13' ],
121 silly audit   'expo-constants': [ '18.0.13' ],
121 silly audit   'expo-file-system': [ '19.0.23' ],
121 silly audit   'expo-font': [ '14.0.12', '56.0.5' ],
121 silly audit   'expo-keep-awake': [ '15.0.8' ],
121 silly audit   picomatch: [ '4.0.4', '2.3.2' ],
121 silly audit   'exponential-backoff': [ '3.1.3' ],
121 silly audit   'fast-deep-equal': [ '3.1.3' ],
121 silly audit   'fast-json-stable-stringify': [ '2.1.0' ],
121 silly audit   'fb-watchman': [ '2.0.2' ],
121 silly audit   'fill-range': [ '7.1.1' ],
121 silly audit   'filter-obj': [ '1.1.0' ],
121 silly audit   finalhandler: [ '1.1.2' ],
121 silly audit   'find-up': [ '4.1.0' ],
121 silly audit   'flow-enums-runtime': [ '0.0.6' ],
121 silly audit   'follow-redirects': [ '1.16.0' ],
121 silly audit   fontfaceobserver: [ '2.3.0' ],
121 silly audit   'form-data': [ '4.0.5' ],
121 silly audit   'freeport-async': [ '2.0.0' ],
121 silly audit   fresh: [ '0.5.2' ],
121 silly audit   'fs.realpath': [ '1.0.0' ],
121 silly audit   fsevents: [ '2.3.3' ],
121 silly audit   'function-bind': [ '1.1.2' ],
121 silly audit   gensync: [ '1.0.0-beta.2' ],
121 silly audit   'get-caller-file': [ '2.0.5' ],
121 silly audit   'get-intrinsic': [ '1.3.0' ],
121 silly audit   'get-package-type': [ '0.1.0' ],
121 silly audit   'get-proto': [ '1.0.1' ],
121 silly audit   getenv: [ '2.0.0' ],
121 silly audit   gopd: [ '1.2.0' ],
121 silly audit   'graceful-fs': [ '4.2.11' ],
121 silly audit   'has-symbols': [ '1.1.0' ],
121 silly audit   'has-tostringtag': [ '1.0.2' ],
121 silly audit   hasown: [ '2.0.4' ],
121 silly audit   'hoist-non-react-statics': [ '3.3.2' ],
121 silly audit   'hosted-git-info': [ '7.0.2' ],
121 silly audit   'lru-cache': [ '10.4.3', '5.1.1', '11.5.1' ],
121 silly audit   'http-errors': [ '2.0.1' ],
121 silly audit   statuses: [ '2.0.2', '1.5.0' ],
121 silly audit   ieee754: [ '1.2.1' ],
121 silly audit   ignore: [ '5.3.2' ],
121 silly audit   'image-size': [ '1.2.1' ],
121 silly audit   imurmurhash: [ '0.1.4' ],
121 silly audit   inflight: [ '1.0.6' ],
121 silly audit   inherits: [ '2.0.4' ],
121 silly audit   ini: [ '1.3.8' ],
121 silly audit   invariant: [ '2.2.4' ],
121 silly audit   'is-arrayish': [ '0.3.4' ],
121 silly audit   'is-core-module': [ '2.16.2' ],
121 silly audit   'is-docker': [ '2.2.1' ],
121 silly audit   'is-fullwidth-code-point': [ '3.0.0' ],
121 silly audit   'is-number': [ '7.0.0' ],
121 silly audit   'is-wsl': [ '2.2.0' ],
121 silly audit   isexe: [ '2.0.0' ],
121 silly audit   'istanbul-lib-coverage': [ '3.2.2' ],
121 silly audit   'istanbul-lib-instrument': [ '5.2.1' ],
121 silly audit   'jest-environment-node': [ '29.7.0' ],
121 silly audit   'jest-get-type': [ '29.6.3' ],
121 silly audit   'jest-haste-map': [ '29.7.0' ],
121 silly audit   'jest-message-util': [ '29.7.0' ],
121 silly audit   'jest-mock': [ '29.7.0' ],
121 silly audit   'jest-regex-util': [ '29.6.3' ],
121 silly audit   'jest-util': [ '29.7.0' ],
121 silly audit   'jest-validate': [ '29.7.0' ],
121 silly audit   'jest-worker': [ '29.7.0' ],
121 silly audit   'jimp-compact': [ '0.16.1' ],
121 silly audit   'js-tokens': [ '4.0.0' ],
121 silly audit   'jsc-safe-url': [ '0.2.4' ],
121 silly audit   jsesc: [ '3.1.0' ],
121 silly audit   json5: [ '2.2.3' ],
121 silly audit   kleur: [ '3.0.3' ],
121 silly audit   'lan-network': [ '0.2.1' ],
121 silly audit   leven: [ '3.1.0' ],
121 silly audit   'lighthouse-logger': [ '1.4.2' ],
121 silly audit   lightningcss: [ '1.32.0' ],
121 silly audit   'lightningcss-android-arm64': [ '1.32.0' ],
121 silly audit   'lightningcss-darwin-arm64': [ '1.32.0' ],
121 silly audit   'lightningcss-darwin-x64': [ '1.32.0' ],
121 silly audit   'lightningcss-freebsd-x64': [ '1.32.0' ],
121 silly audit   'lightningcss-linux-arm-gnueabihf': [ '1.32.0' ],
121 silly audit   'lightningcss-linux-arm64-gnu': [ '1.32.0' ],
121 silly audit   'lightningcss-linux-arm64-musl': [ '1.32.0' ],
121 silly audit   'lightningcss-linux-x64-gnu': [ '1.32.0' ],
121 silly audit   'lightningcss-linux-x64-musl': [ '1.32.0' ],
121 silly audit   'lightningcss-win32-arm64-msvc': [ '1.32.0' ],
121 silly audit   'lightningcss-win32-x64-msvc': [ '1.32.0' ],
121 silly audit   'lines-and-columns': [ '1.2.4' ],
121 silly audit   'locate-path': [ '5.0.0' ],
121 silly audit   'lodash.debounce': [ '4.0.8' ],
121 silly audit   'lodash.throttle': [ '4.1.1' ],
121 silly audit   'log-symbols': [ '2.2.0' ],
121 silly audit   'loose-envify': [ '1.4.0' ],
121 silly audit   makeerror: [ '1.0.12' ],
121 silly audit   marky: [ '1.3.0' ],
121 silly audit   'math-intrinsics': [ '1.1.0' ],
121 silly audit   'mdn-data': [ '2.0.14' ],
121 silly audit   'memoize-one': [ '5.2.1' ],
121 silly audit   'merge-stream': [ '2.0.0' ],
121 silly audit   micromatch: [ '4.0.8' ],
121 silly audit   mime: [ '1.6.0' ],
121 silly audit   'mimic-fn': [ '1.2.0' ],
121 silly audit   minimist: [ '1.2.8' ],
121 silly audit   minipass: [ '7.1.3' ],
121 silly audit   minizlib: [ '3.1.0' ],
121 silly audit   mkdirp: [ '1.0.4' ],
121 silly audit   mz: [ '2.7.0' ],
121 silly audit   nanoid: [ '3.3.12' ],
121 silly audit   'nested-error-stacks': [ '2.0.1' ],
121 silly audit   'node-forge': [ '1.4.0' ],
121 silly audit   'node-int64': [ '0.4.0' ],
121 silly audit   'node-releases': [ '2.0.47' ],
121 silly audit   'normalize-path': [ '3.0.0' ],
121 silly audit   'npm-package-arg': [ '11.0.3' ],
121 silly audit   'nth-check': [ '2.1.1' ],
121 silly audit   nullthrows: [ '1.1.1' ],
121 silly audit   'object-assign': [ '4.1.1' ],
121 silly audit   'on-finished': [ '2.3.0', '2.4.1' ],
121 silly audit   'on-headers': [ '1.1.0' ],
121 silly audit   once: [ '1.4.0' ],
121 silly audit   onetime: [ '2.0.1' ],
121 silly audit   ora: [ '3.4.0' ],
121 silly audit   'strip-ansi': [ '5.2.0', '6.0.1' ],
121 silly audit   'p-limit': [ '3.1.0', '2.3.0' ],
121 silly audit   'p-locate': [ '4.1.0' ],
121 silly audit   'p-try': [ '2.2.0' ],
121 silly audit   'parse-png': [ '2.1.0' ],
121 silly audit   parseurl: [ '1.3.3' ],
121 silly audit   'path-exists': [ '4.0.0' ],
121 silly audit   'path-is-absolute': [ '1.0.1' ],
121 silly audit   'path-key': [ '3.1.1' ],
121 silly audit   'path-parse': [ '1.0.7' ],
121 silly audit   'path-scurry': [ '2.0.2' ],
121 silly audit   picocolors: [ '1.1.1' ],
121 silly audit   pirates: [ '4.0.7' ],
121 silly audit   plist: [ '3.1.1' ],
121 silly audit   pngjs: [ '3.4.0' ],
121 silly audit   postcss: [ '8.4.49' ],
121 silly audit   'pretty-bytes': [ '5.6.0' ],
121 silly audit   'pretty-format': [ '29.7.0' ],
121 silly audit   'proc-log': [ '4.2.0' ],
121 silly audit   progress: [ '2.0.3' ],
121 silly audit   promise: [ '8.3.0' ],
121 silly audit   prompts: [ '2.4.2' ],
121 silly audit   'proxy-from-env': [ '2.1.0' ],
121 silly audit   punycode: [ '2.3.1' ],
121 silly audit   'qrcode-terminal': [ '0.11.0' ],
121 silly audit   'query-string': [ '7.1.3' ],
121 silly audit   queue: [ '6.0.2' ],
121 silly audit   'range-parser': [ '1.2.1' ],
121 silly audit   rc: [ '1.2.8' ],
121 silly audit   react: [ '19.1.0' ],
121 silly audit   'react-devtools-core': [ '6.1.5' ],
121 silly audit   'react-freeze': [ '1.0.4' ],
121 silly audit   'react-hook-form': [ '7.78.0' ],
121 silly audit   'react-native': [ '0.81.5' ],
121 silly audit   'react-native-gesture-handler': [ '2.28.0' ],
121 silly audit   'react-native-is-edge-to-edge': [ '1.3.1' ],
121 silly audit   'react-native-reanimated': [ '4.1.7' ],
121 silly audit   'react-native-safe-area-context': [ '5.6.2' ],
121 silly audit   'react-native-screens': [ '4.16.0' ],
121 silly audit   'react-native-svg': [ '15.12.1' ],
121 silly audit   'react-native-worklets': [ '0.8.3' ],
121 silly audit   '@react-native/virtualized-lists': [ '0.81.5' ],
121 silly audit   'react-refresh': [ '0.14.2' ],
121 silly audit   regenerate: [ '1.4.2' ],
121 silly audit   'regenerate-unicode-properties': [ '10.2.2' ],
121 silly audit   'regenerator-runtime': [ '0.13.11' ],
121 silly audit   'regexpu-core': [ '6.4.0' ],
121 silly audit   regjsgen: [ '0.8.0' ],
121 silly audit   regjsparser: [ '0.13.1' ],
121 silly audit   'require-directory': [ '2.1.1' ],
121 silly audit   'require-from-string': [ '2.0.2' ],
121 silly audit   requireg: [ '0.2.2' ],
121 silly audit   resolve: [ '1.7.1', '1.22.12' ],
121 silly audit   'resolve-from': [ '5.0.0' ],
121 silly audit   'resolve-workspace-root': [ '2.0.1' ],
121 silly audit   'resolve.exports': [ '2.0.3' ],
121 silly audit   'restore-cursor': [ '2.0.0' ],
121 silly audit   rimraf: [ '3.0.2' ],
121 silly audit   'safe-buffer': [ '5.2.1' ],
121 silly audit   sax: [ '1.6.0' ],
121 silly audit   scheduler: [ '0.26.0' ],
121 silly audit   send: [ '0.19.2' ],
121 silly audit   'serialize-error': [ '2.1.0' ],
121 silly audit   'serve-static': [ '1.16.3' ],
121 silly audit   setprototypeof: [ '1.2.0' ],
121 silly audit   'sf-symbols-typescript': [ '2.2.0' ],
121 silly audit   'shebang-command': [ '2.0.0' ],
121 silly audit   'shebang-regex': [ '3.0.0' ],
121 silly audit   'shell-quote': [ '1.8.4' ],
121 silly audit   'signal-exit': [ '3.0.7' ],
121 silly audit   'simple-plist': [ '1.3.1' ],
121 silly audit   'simple-swizzle': [ '0.2.4' ],
121 silly audit   sisteransi: [ '1.0.5' ],
121 silly audit   slash: [ '3.0.0' ],
121 silly audit   slugify: [ '1.6.9' ],
121 silly audit   'source-map-js': [ '1.2.1' ],
121 silly audit   'source-map-support': [ '0.5.21' ],
121 silly audit   'split-on-first': [ '1.1.0' ],
121 silly audit   'sprintf-js': [ '1.0.3' ],
121 silly audit   'stack-utils': [ '2.0.6' ],
121 silly audit   stackframe: [ '1.3.4' ],
121 silly audit   'stacktrace-parser': [ '0.1.11' ],
121 silly audit   'standard-navigation': [ '0.0.7' ],
121 silly audit   'stream-buffers': [ '2.2.0' ],
121 silly audit   'strict-uri-encode': [ '2.0.0' ],
121 silly audit   'string-width': [ '4.2.3' ],
121 silly audit   'strip-json-comments': [ '2.0.1' ],
121 silly audit   'structured-headers': [ '0.4.1' ],
121 silly audit   sucrase: [ '3.35.1' ],
121 silly audit   'supports-hyperlinks': [ '2.3.0' ],
121 silly audit   'supports-preserve-symlinks-flag': [ '1.0.0' ],
121 silly audit   tar: [ '7.5.16' ],
121 silly audit   yallist: [ '5.0.0', '3.1.1' ],
121 silly audit   'terminal-link': [ '2.1.1' ],
121 silly audit   terser: [ '5.48.0' ],
121 silly audit   'test-exclude': [ '6.0.0' ],
121 silly audit   thenify: [ '3.3.1' ],
121 silly audit   'thenify-all': [ '1.6.0' ],
121 silly audit   throat: [ '5.0.0' ],
121 silly audit   tinyglobby: [ '0.2.17' ],
121 silly audit   fdir: [ '6.5.0' ],
121 silly audit   tmpl: [ '1.0.5' ],
121 silly audit   'to-regex-range': [ '5.0.1' ],
121 silly audit   toidentifier: [ '1.0.1' ],
121 silly audit   'ts-interface-checker': [ '0.1.13' ],
121 silly audit   'type-detect': [ '4.0.8' ],
121 silly audit   typescript: [ '5.9.3' ],
121 silly audit   undici: [ '6.26.0' ],
121 silly audit   'undici-types': [ '7.24.6' ],
121 silly audit   'unicode-canonical-property-names-ecmascript': [ '2.0.1' ],
121 silly audit   'unicode-match-property-ecmascript': [ '2.0.0' ],
121 silly audit   'unicode-match-property-value-ecmascript': [ '2.2.1' ],
121 silly audit   'unicode-property-aliases-ecmascript': [ '2.2.0' ],
121 silly audit   unpipe: [ '1.0.0' ],
121 silly audit   'update-browserslist-db': [ '1.2.3' ],
121 silly audit   'use-latest-callback': [ '0.2.6' ],
121 silly audit   'use-sync-external-store': [ '1.6.0' ],
121 silly audit   'utils-merge': [ '1.0.1' ],
121 silly audit   uuid: [ '7.0.3' ],
121 silly audit   'validate-npm-package-name': [ '5.0.1' ],
121 silly audit   vary: [ '1.1.2' ],
121 silly audit   vlq: [ '1.0.1' ],
121 silly audit   walker: [ '1.0.8' ],
121 silly audit   'warn-once': [ '0.1.1' ],
121 silly audit   wcwidth: [ '1.0.1' ],
121 silly audit   'webidl-conversions': [ '5.0.0' ],
121 silly audit   'whatwg-fetch': [ '3.6.20' ],
121 silly audit   'whatwg-url-without-unicode': [ '8.0.0-3' ],
121 silly audit   which: [ '2.0.2' ],
121 silly audit   wonka: [ '6.3.6' ],
121 silly audit   'wrap-ansi': [ '7.0.0' ],
121 silly audit   wrappy: [ '1.0.2' ],
121 silly audit   'write-file-atomic': [ '4.0.2' ],
121 silly audit   xcode: [ '3.0.1' ],
121 silly audit   xml2js: [ '0.6.0' ],
121 silly audit   xmlbuilder: [ '11.0.1', '15.1.1' ],
121 silly audit   y18n: [ '5.0.8' ],
121 silly audit   yaml: [ '2.9.0' ],
121 silly audit   yargs: [ '17.7.2' ],
121 silly audit   'yargs-parser': [ '21.1.1' ],
121 silly audit   'yocto-queue': [ '0.1.0' ],
121 silly audit   zod: [ '4.4.3' ],
121 silly audit   zustand: [ '5.0.14' ],
121 silly audit   '@react-native-async-storage/async-storage': [ '2.2.0' ],
121 silly audit   'expo-av': [ '16.0.8' ],
121 silly audit   'expo-document-picker': [ '14.0.8' ],
121 silly audit   'expo-image-picker': [ '17.0.11' ],
121 silly audit   'merge-options': [ '3.0.4' ],
121 silly audit   'expo-image-loader': [ '6.0.0' ],
121 silly audit   'is-plain-obj': [ '2.1.0' ]
121 silly audit }
122 http cache expo-image-loader@https://registry.npmjs.org/expo-image-loader/-/expo-image-loader-6.0.0.tgz 0ms (cache hit)
123 http cache is-plain-obj@https://registry.npmjs.org/is-plain-obj/-/is-plain-obj-2.1.0.tgz 0ms (cache hit)
124 http cache merge-options@https://registry.npmjs.org/merge-options/-/merge-options-3.0.4.tgz 0ms (cache hit)
125 http cache @react-native-async-storage/async-storage@https://registry.npmjs.org/@react-native-async-storage/async-storage/-/async-storage-2.2.0.tgz 0ms (cache hit)
126 http cache expo-image-picker@https://registry.npmjs.org/expo-image-picker/-/expo-image-picker-17.0.11.tgz 0ms (cache hit)
127 http cache expo-av@https://registry.npmjs.org/expo-av/-/expo-av-16.0.8.tgz 0ms (cache hit)
128 silly tarball no local data for expo-image-loader@https://registry.npmjs.org/expo-image-loader/-/expo-image-loader-6.0.0.tgz. Extracting by manifest.
129 http cache expo-document-picker@https://registry.npmjs.org/expo-document-picker/-/expo-document-picker-14.0.8.tgz 0ms (cache hit)
130 http cache @expo/vector-icons@https://registry.npmjs.org/@expo/vector-icons/-/vector-icons-15.1.1.tgz 0ms (cache hit)
131 silly tarball no local data for is-plain-obj@https://registry.npmjs.org/is-plain-obj/-/is-plain-obj-2.1.0.tgz. Extracting by manifest.
132 silly tarball no local data for merge-options@https://registry.npmjs.org/merge-options/-/merge-options-3.0.4.tgz. Extracting by manifest.
133 silly tarball no local data for @react-native-async-storage/async-storage@https://registry.npmjs.org/@react-native-async-storage/async-storage/-/async-storage-2.2.0.tgz. Extracting by manifest.
134 silly tarball no local data for expo-image-picker@https://registry.npmjs.org/expo-image-picker/-/expo-image-picker-17.0.11.tgz. Extracting by manifest.
135 silly tarball no local data for expo-av@https://registry.npmjs.org/expo-av/-/expo-av-16.0.8.tgz. Extracting by manifest.
136 http cache expo-font@https://registry.npmjs.org/expo-font/-/expo-font-56.0.5.tgz 0ms (cache hit)
137 silly tarball no local data for expo-document-picker@https://registry.npmjs.org/expo-document-picker/-/expo-document-picker-14.0.8.tgz. Extracting by manifest.
138 silly tarball no local data for @expo/vector-icons@https://registry.npmjs.org/@expo/vector-icons/-/vector-icons-15.1.1.tgz. Extracting by manifest.
139 silly tarball no local data for expo-font@https://registry.npmjs.org/expo-font/-/expo-font-56.0.5.tgz. Extracting by manifest.
140 http fetch GET 200 https://registry.npmjs.org/is-plain-obj/-/is-plain-obj-2.1.0.tgz 222ms (cache miss)
141 http fetch GET 200 https://registry.npmjs.org/merge-options/-/merge-options-3.0.4.tgz 250ms (cache miss)
142 http fetch GET 200 https://registry.npmjs.org/expo-image-loader/-/expo-image-loader-6.0.0.tgz 365ms (cache miss)
143 http fetch GET 200 https://registry.npmjs.org/expo-document-picker/-/expo-document-picker-14.0.8.tgz 530ms (cache miss)
144 http fetch POST 200 https://registry.npmjs.org/-/npm/v1/security/advisories/bulk 756ms
145 silly audit report {
145 silly audit report   postcss: [
145 silly audit report     {
145 silly audit report       id: 1117015,
145 silly audit report       url: 'https://github.com/advisories/GHSA-qx2v-qp2m-jg93',
145 silly audit report       title: 'PostCSS has XSS via Unescaped </style> in its CSS Stringify Output',
145 silly audit report       severity: 'moderate',
145 silly audit report       vulnerable_versions: '<8.5.10',
145 silly audit report       cwe: [Array],
145 silly audit report       cvss: [Object]
145 silly audit report     }
145 silly audit report   ],
145 silly audit report   uuid: [
145 silly audit report     {
145 silly audit report       id: 1119441,
145 silly audit report       url: 'https://github.com/advisories/GHSA-w5hq-g745-h8pq',
145 silly audit report       title: 'uuid: Missing buffer bounds check in v3/v5/v6 when buf is provided',
145 silly audit report       severity: 'moderate',
145 silly audit report       vulnerable_versions: '<11.1.1',
145 silly audit report       cwe: [Array],
145 silly audit report       cvss: [Object]
145 silly audit report     }
145 silly audit report   ]
145 silly audit report }
146 silly packumentCache corgi:https://registry.npmjs.org/postcss cache-miss
147 silly packumentCache corgi:https://registry.npmjs.org/uuid cache-miss
148 http cache https://registry.npmjs.org/uuid 21ms (cache hit)
149 silly packumentCache corgi:https://registry.npmjs.org/uuid set size:81812 disposed:false
150 http cache https://registry.npmjs.org/postcss 26ms (cache hit)
151 silly packumentCache corgi:https://registry.npmjs.org/postcss set size:344717 disposed:false
152 silly packumentCache corgi:https://registry.npmjs.org/@expo%2fmetro-config cache-miss
153 http cache https://registry.npmjs.org/@expo%2fmetro-config 15ms (cache hit)
154 silly packumentCache corgi:https://registry.npmjs.org/@expo%2fmetro-config set size:581176 disposed:false
155 silly packumentCache corgi:https://registry.npmjs.org/xcode cache-miss
156 http cache https://registry.npmjs.org/xcode 39ms (cache hit)
157 silly packumentCache corgi:https://registry.npmjs.org/xcode set size:1850340 disposed:false
158 silly packumentCache corgi:https://registry.npmjs.org/expo cache-miss
159 silly packumentCache corgi:https://registry.npmjs.org/@expo%2fcli cache-miss
160 http cache https://registry.npmjs.org/expo 30ms (cache hit)
161 silly packumentCache corgi:https://registry.npmjs.org/expo set size:1764194 disposed:false
162 http cache https://registry.npmjs.org/@expo%2fcli 50ms (cache hit)
163 silly packumentCache corgi:https://registry.npmjs.org/@expo%2fcli set size:1637012 disposed:false
164 silly packumentCache corgi:https://registry.npmjs.org/@expo%2fconfig-plugins cache-miss
165 http cache https://registry.npmjs.org/@expo%2fconfig-plugins 60ms (cache hit)
166 silly packumentCache corgi:https://registry.npmjs.org/@expo%2fconfig-plugins set size:413059 disposed:false
167 silly packumentCache corgi:https://registry.npmjs.org/@expo%2fprebuild-config cache-miss
168 silly packumentCache corgi:https://registry.npmjs.org/babel-preset-expo cache-miss
169 silly packumentCache corgi:https://registry.npmjs.org/expo-asset cache-miss
170 silly packumentCache corgi:https://registry.npmjs.org/expo-constants cache-miss
171 silly packumentCache corgi:https://registry.npmjs.org/expo-file-system cache-miss
172 silly packumentCache corgi:https://registry.npmjs.org/expo-font cache-miss
173 silly packumentCache corgi:https://registry.npmjs.org/expo-keep-awake cache-miss
174 silly packumentCache corgi:https://registry.npmjs.org/expo-av cache-miss
175 silly packumentCache corgi:https://registry.npmjs.org/expo-document-picker cache-miss
176 silly packumentCache corgi:https://registry.npmjs.org/expo-image-picker cache-miss
177 silly packumentCache corgi:https://registry.npmjs.org/expo-image-loader cache-miss
178 http cache https://registry.npmjs.org/expo-asset 47ms (cache hit)
179 silly packumentCache corgi:https://registry.npmjs.org/expo-asset set size:305066 disposed:false
180 http cache https://registry.npmjs.org/@expo%2fprebuild-config 53ms (cache hit)
181 silly packumentCache corgi:https://registry.npmjs.org/@expo%2fprebuild-config set size:382820 disposed:false
182 http cache https://registry.npmjs.org/expo-font 56ms (cache hit)
183 silly packumentCache corgi:https://registry.npmjs.org/expo-font set size:241164 disposed:false
184 http cache https://registry.npmjs.org/babel-preset-expo 64ms (cache hit)
185 silly packumentCache corgi:https://registry.npmjs.org/babel-preset-expo set size:542633 disposed:false
186 http cache https://registry.npmjs.org/expo-constants 70ms (cache hit)
187 silly packumentCache corgi:https://registry.npmjs.org/expo-constants set size:290583 disposed:false
188 http cache https://registry.npmjs.org/expo-file-system 75ms (cache hit)
189 silly packumentCache corgi:https://registry.npmjs.org/expo-file-system set size:291294 disposed:false
190 http cache https://registry.npmjs.org/expo-keep-awake 79ms (cache hit)
191 silly packumentCache corgi:https://registry.npmjs.org/expo-keep-awake set size:190028 disposed:false
192 http fetch GET 200 https://registry.npmjs.org/expo-image-picker/-/expo-image-picker-17.0.11.tgz 1249ms (cache miss)
193 http fetch GET 200 https://registry.npmjs.org/@react-native-async-storage/async-storage/-/async-storage-2.2.0.tgz 1608ms (cache miss)
194 http fetch GET 200 https://registry.npmjs.org/expo-font/-/expo-font-56.0.5.tgz 1622ms (cache miss)
195 http fetch GET 200 https://registry.npmjs.org/expo-image-loader 696ms (cache miss)
196 silly packumentCache corgi:https://registry.npmjs.org/expo-image-loader set size:undefined disposed:false
197 http fetch GET 200 https://registry.npmjs.org/expo-av 872ms (cache miss)
198 silly packumentCache corgi:https://registry.npmjs.org/expo-av set size:undefined disposed:false
199 http fetch GET 200 https://registry.npmjs.org/expo-document-picker 947ms (cache miss)
200 silly packumentCache corgi:https://registry.npmjs.org/expo-document-picker set size:undefined disposed:false
201 http fetch GET 200 https://registry.npmjs.org/expo-image-picker 988ms (cache miss)
202 silly packumentCache corgi:https://registry.npmjs.org/expo-image-picker set size:undefined disposed:false
203 silly packumentCache corgi:https://registry.npmjs.org/@expo%2fconfig cache-miss
204 http cache https://registry.npmjs.org/@expo%2fconfig 26ms (cache hit)
205 silly packumentCache corgi:https://registry.npmjs.org/@expo%2fconfig set size:542603 disposed:false
206 http fetch GET 200 https://registry.npmjs.org/expo-av/-/expo-av-16.0.8.tgz 2355ms (cache miss)
207 http fetch GET 200 https://registry.npmjs.org/@expo/vector-icons/-/vector-icons-15.1.1.tgz 2594ms (cache miss)
208 silly ADD node_modules/is-plain-obj
209 silly ADD node_modules/expo-image-loader
210 silly ADD node_modules/merge-options
211 silly ADD node_modules/expo-image-picker
212 silly ADD node_modules/expo-document-picker
213 silly ADD node_modules/expo-av
214 silly ADD node_modules/@react-native-async-storage/async-storage
215 silly ADD node_modules/expo-font
216 silly ADD node_modules/@expo/vector-icons
217 silly REMOVE node_modules/expo/node_modules/@expo/vector-icons
218 verbose cwd C:\Users\Caleb\OneDrive\Desktop\CODEQUEST\Vydora
219 verbose os Windows_NT 10.0.26100
220 verbose node v24.14.1
221 verbose npm  v11.11.0
222 verbose exit 0
223 info ok
