0 verbose cli C:\Program Files\nodejs\node.exe C:\Program Files\nodejs\node_modules\npm\bin\npm-cli.js
1 info using npm@11.11.0
2 info using node@v24.14.1
3 silly config load:file:C:\Program Files\nodejs\node_modules\npm\npmrc
4 silly config load:file:c:\Users\Caleb\OneDrive\Desktop\CODEQUEST\Vydora\.npmrc
5 silly config load:file:C:\Users\Caleb\.npmrc
6 silly config load:file:C:\Users\Caleb\AppData\Roaming\npm\etc\npmrc
7 verbose title npm view react-native-gesture-handler@latest description homepage version time
8 verbose argv "view" "--json" "--" "react-native-gesture-handler@latest" "description" "homepage" "version" "time"
9 verbose logfile logs-max:10 dir:c:\Users\Caleb\OneDrive\Desktop\CODEQUEST\Vydora\clean\_logs\2026-06-10T17_29_30_285Z-
10 verbose logfile c:\Users\Caleb\OneDrive\Desktop\CODEQUEST\Vydora\clean\_logs\2026-06-10T17_29_30_285Z-debug-0.log
11 silly logfile start cleaning logs, removing 1 files
12 silly logfile done cleaning log files
13 http fetch GET 200 https://registry.npmjs.org/react-native-gesture-handler 819ms (cache revalidated)
14 verbose cwd c:\Users\Caleb\OneDrive\Desktop\CODEQUEST\Vydora
15 verbose os Windows_NT 10.0.26100
16 verbose node v24.14.1
17 verbose npm  v11.11.0
18 verbose exit 0
19 info ok
